2025-09-07 23:39:22,362 INFO [app] Logging system initialized
2025-09-07 23:39:22,362 INFO [app] Log level: INFO
2025-09-07 23:39:22,362 INFO [app] Log file: /Users/genacvali/Documents/crystall-budget-3/./logs/crystalbudget.log
2025-09-07 23:45:20,338 INFO [app] Logging system initialized
2025-09-07 23:45:20,338 INFO [app] Log level: INFO
2025-09-07 23:45:20,338 INFO [app] Log file: /Users/genacvali/Documents/crystall-budget-3/./logs/crystalbudget.log
2025-09-07 23:54:05,596 INFO [app] Logging system initialized
2025-09-07 23:54:05,597 INFO [app] Log level: INFO
2025-09-07 23:54:05,597 INFO [app] Log file: /Users/genacvali/Documents/crystall-budget-3/logs/crystalbudget.log
2025-09-07 23:54:05,616 INFO [app] Created savings_goals table
2025-09-07 23:54:05,617 INFO [app] Created shared_budgets table
2025-09-07 23:54:05,617 INFO [app] Created shared_budget_members table
2025-09-07 23:54:05,617 INFO [app] Created exchange_rates table
2025-09-07 23:54:05,618 INFO [app] New tables migration completed successfully
2025-09-07 23:54:23,442 INFO [app] Logging system initialized
2025-09-07 23:54:23,442 INFO [app] Log level: INFO
2025-09-07 23:54:23,442 INFO [app] Log file: /Users/genacvali/Documents/crystall-budget-3/logs/crystalbudget.log
2025-09-07 23:54:23,453 INFO [app] New tables migration completed successfully
2025-09-07 23:54:47,886 INFO [app] Logging system initialized
2025-09-07 23:54:47,886 INFO [app] Log level: INFO
2025-09-07 23:54:47,886 INFO [app] Log file: /Users/genacvali/Documents/crystall-budget-3/logs/crystalbudget.log
2025-09-07 23:54:47,895 INFO [app] New tables migration completed successfully
2025-09-07 23:55:05,305 INFO [app] Logging system initialized
2025-09-07 23:55:05,305 INFO [app] Log level: INFO
2025-09-07 23:55:05,305 INFO [app] Log file: /Users/genacvali/Documents/crystall-budget-3/logs/crystalbudget.log
2025-09-07 23:55:05,314 INFO [app] New tables migration completed successfully
2025-09-07 23:55:05,323 INFO [werkzeug] [31m[1mWARNING: This is a development server. Do not use it in a production deployment. Use a production WSGI server instead.[0m
 * Running on all addresses (0.0.0.0)
 * Running on http://127.0.0.1:5001
 * Running on http://10.17.211.208:5001
2025-09-07 23:55:05,323 INFO [werkzeug] [33mPress CTRL+C to quit[0m
2025-09-07 23:55:12,690 INFO [werkzeug] 127.0.0.1 - - [07/Sep/2025 23:55:12] "[32mGET / HTTP/1.1[0m" 302 -
